src-tauri/tauri-plugin-prayer-service/android/build/intermediates/manifest_merge_blame_file/debug/processDebugManifest/manifest-merger-blame-debug-report.txt
1<?xml version="1.0" encoding="utf-8"?>
2<manifest xmlns:android="http://schemas.android.com/apk/res/android"
3    package="com.meeqat.plugin.prayerservice" >
4
5    <uses-sdk android:minSdkVersion="24" />
6    <!-- Permissions for foreground service -->
7    <uses-permission android:name="android.permission.FOREGROUND_SERVICE" />
7-->src/main/AndroidManifest.xml:4:5-77
7-->src/main/AndroidManifest.xml:4:22-74
8    <uses-permission android:name="android.permission.FOREGROUND_SERVICE_SPECIAL_USE" />
8-->src/main/AndroidManifest.xml:5:5-89
8-->src/main/AndroidManifest.xml:5:22-86
9    <uses-permission android:name="android.permission.WAKE_LOCK" />
9-->src/main/AndroidManifest.xml:6:5-68
9-->src/main/AndroidManifest.xml:6:22-65
10    <uses-permission android:name="android.permission.RECEIVE_BOOT_COMPLETED" />
10-->src/main/AndroidManifest.xml:7:5-81
10-->src/main/AndroidManifest.xml:7:22-78
11    <uses-permission android:name="android.permission.POST_NOTIFICATIONS" />
11-->src/main/AndroidManifest.xml:8:5-77
11-->src/main/AndroidManifest.xml:8:22-74
12
13    <application>
13-->src/main/AndroidManifest.xml:10:5-31:19
14
15        <!-- Foreground Service for Prayer Times -->
16        <service
16-->src/main/AndroidManifest.xml:12:9-19:19
17            android:name="com.meeqat.plugin.prayerservice.PrayerForegroundService"
17-->src/main/AndroidManifest.xml:13:13-52
18            android:exported="false"
18-->src/main/AndroidManifest.xml:14:13-37
19            android:foregroundServiceType="specialUse" >
19-->src/main/AndroidManifest.xml:15:13-55
20            <property
20-->src/main/AndroidManifest.xml:16:13-18:48
21                android:name="android.app.PROPERTY_SPECIAL_USE_FGS_SUBTYPE"
21-->src/main/AndroidManifest.xml:17:17-76
22                android:value="prayer_timer" />
22-->src/main/AndroidManifest.xml:18:17-45
23        </service>
24
25        <!-- Boot Receiver to restart service after device reboot -->
26        <receiver
26-->src/main/AndroidManifest.xml:22:9-30:20
27            android:name="com.meeqat.plugin.prayerservice.BootReceiver"
27-->src/main/AndroidManifest.xml:23:13-41
28            android:enabled="true"
28-->src/main/AndroidManifest.xml:25:13-35
29            android:exported="true" >
29-->src/main/AndroidManifest.xml:24:13-36
30            <intent-filter>
30-->src/main/AndroidManifest.xml:26:13-29:29
31                <action android:name="android.intent.action.BOOT_COMPLETED" />
31-->src/main/AndroidManifest.xml:27:17-79
31-->src/main/AndroidManifest.xml:27:25-76
32                <action android:name="android.intent.action.QUICKBOOT_POWERON" />
32-->src/main/AndroidManifest.xml:28:17-82
32-->src/main/AndroidManifest.xml:28:25-79
33            </intent-filter>
34        </receiver>
35    </application>
36
37</manifest>